<?xml version="1.0" encoding="UTF-8"?>
<!-- Generated by org.testng.reporters.JUnitXMLReporter -->
<testsuite ignored="0" hostname="Admin" failures="0" tests="6" name="testReports" time="19.754" errors="0" timestamp="2024-04-05T19:18:40 IST">
  <testcase classname="april4.FirstTestNG" name="cbanking" time="0.343"/>
  <testcase classname="april4.FirstTestNG" name="ibanking" time="0.301"/>
  <testcase classname="april4.FirstTestNG" name="pbanking" time="0.523"/>
  <testcase classname="april4.SecondTestNG" name="leave" time="0.392"/>
  <testcase classname="april4.SecondTestNG" name="pim" time="0.501"/>
  <testcase classname="april4.SecondTestNG" name="admin" time="0.439"/>
</testsuite> <!-- testReports -->
